0 info it worked if it ends with ok
1 verbose cli [ 'C:\\Program Files\\nodejs\\node.exe',
1 verbose cli   'C:\\Program Files\\nodejs\\node_modules\\npm\\bin\\npm-cli.js',
1 verbose cli   'start' ]
2 info using npm@1.3.21
3 info using node@v8.6.0
4 verbose run-script [ 'prestart', 'start', 'poststart' ]
5 info prestart notepad-fullstack@1.0.0
6 info start notepad-fullstack@1.0.0
7 verbose unsafe-perm in lifecycle true
8 info notepad-fullstack@1.0.0 Failed to exec start script
9 error notepad-fullstack@1.0.0 start: `node start`
9 error Exit status 1
10 error Failed at the notepad-fullstack@1.0.0 start script.
10 error This is most likely a problem with the notepad-fullstack package,
10 error not with npm itself.
10 error Tell the author that this fails on your system:
10 error     node start
10 error You can get their info via:
10 error     npm owner ls notepad-fullstack
10 error There is likely additional logging output above.
11 error System Windows_NT 10.0.16299
12 error command "C:\\Program Files\\nodejs\\node.exe" "C:\\Program Files\\nodejs\\node_modules\\npm\\bin\\npm-cli.js" "start"
13 error cwd C:\Users\mkdin\Documents\app\notepad-fullstack
14 error node -v v8.6.0
15 error npm -v 1.3.21
16 error code ELIFECYCLE
17 verbose exit [ 1, true ]
